<?xml version='1.0' encoding='utf-8'?>
<!DOCTYPE hibernate-configuration PUBLIC
    "-//Hibernate/Hibernate Configuration DTD 3.0//EN"
    "http://www.hibernate.org/dtd/hibernate-configuration-3.0.dtd">
<hibernate-configuration>

  <!-- a SessionFactory instance listed as /jndi/name -->
  <session-factory>
    <property name="hibernate.connection.driver_class">
      org.mariadb.jdbc.Driver
    </property>
    <property name="hibernate.connection.url">
      jdbc:jdbc:mariadb://127.0.0.1/botest
    </property>
    <property name="dialect">
      org.hibernate.dialect.MariaDBDialect
    </property>
    <property name="show_sql">false</property>
    <property name="hibernate.connection.username">
      test
    </property>
    <property name="hibernate.connection.password">
      test
    </property>
    <property name="transaction.factory_class">
      org.hibernate.transaction.JDBCTransactionFactory
    </property>
    <property name="hibernate.cache.provider_class">
      org.hibernate.cache.HashtableCacheProvider
    </property>

    <!-- mapping files -->
    <mapping resource="de/winkler/betoffice/storage/Location.hbm.xml" />
    <mapping resource="de/winkler/betoffice/storage/Player.hbm.xml" />
    <mapping resource="de/winkler/betoffice/storage/Goal.hbm.xml" />
    <mapping resource="de/winkler/betoffice/storage/Team.hbm.xml" />
    <mapping resource="de/winkler/betoffice/storage/TeamAlias.hbm.xml" />
    <mapping resource="de/winkler/betoffice/storage/GroupType.hbm.xml" />
    <mapping resource="de/winkler/betoffice/storage/Group.hbm.xml" />
    <mapping resource="de/winkler/betoffice/storage/Season.hbm.xml" />
    <mapping resource="de/winkler/betoffice/storage/Game.hbm.xml" />
    <mapping resource="de/winkler/betoffice/storage/GameList.hbm.xml" />
    <mapping resource="de/winkler/betoffice/storage/GameTipp.hbm.xml" />
    <mapping resource="de/winkler/betoffice/storage/User.hbm.xml" />
    <mapping resource="de/winkler/betoffice/storage/UserSeason.hbm.xml" />

  </session-factory>

</hibernate-configuration>
